250 0 g0 2.617578
250 0 g1 4.87928
250 0 m [0.034604 0.145513]
250 1 g0 2.407045
250 1 g1 3.786022
250 1 m [0.049363 0.162429]
250 2 g0 2.169126
250 2 g1 4.408075
250 2 m [0.030173 0.133179]
500 0 g0 1.878069
500 0 g1 2.187504
500 0 m [0.024748 0.120894]
500 1 g0 1.448143
500 1 g1 1.997256
500 1 m [0.022971 0.114643]
500 2 g0 1.583941
500 2 g1 2.132776
500 2 m [0.022399 0.1153  ]
1000 0 g0 0.931017
1000 0 g1 1.368205
1000 0 m [0.01582  0.095311]
1000 1 g0 0.906089
1000 1 g1 1.091974
1000 1 m [0.013104 0.085034]
1000 2 g0 0.869632
1000 2 g1 1.36852
1000 2 m [0.014103 0.091944]
2000 0 g0 0.46772
2000 0 g1 0.751093
2000 0 m [0.0092   0.071108]
2000 1 g0 0.522545
2000 1 g1 0.720352
2000 1 m [0.011283 0.080183]
2000 2 g0 0.732113
2000 2 g1 0.918992
2000 2 m [0.010624 0.078042]
4000 0 g0 0.390748
4000 0 g1 0.456003
4000 0 m [0.008935 0.071252]
4000 1 g0 0.372083
4000 1 g1 0.48653
4000 1 m [0.006315 0.060204]
4000 2 g0 0.357564
4000 2 g1 0.470675
4000 2 m [0.006571 0.060318]
8000 0 g0 0.277912
8000 0 g1 0.318039
8000 0 m [0.00576  0.056203]
8000 1 g0 0.275949
8000 1 g1 0.338306
8000 1 m [0.004571 0.050742]
8000 2 g0 0.240927
8000 2 g1 0.285944
8000 2 m [0.00443  0.048906]
16000 0 g0 0.202508
16000 0 g1 0.244265
16000 0 m [0.003455 0.043222]
16000 1 g0 0.193937
16000 1 g1 0.216408
16000 1 m [0.003338 0.042174]
16000 2 g0 0.194091
16000 2 g1 0.223162
16000 2 m [0.003366 0.042316]
