250 0 g0 0.927236 0.831573
250 0 g1 1.028544 0.767471
250 0 m [0.019267 0.104324] [0.019323 0.104549]
250 1 g0 0.894763 0.824574
250 1 g1 1.098637 1.135507
250 1 m [0.0333   0.130348] [0.031581 0.127836]
250 2 g0 0.681039 0.621386
250 2 g1 0.662842 0.58957
250 2 m [0.02133  0.112496] [0.02339  0.114867]
500 0 g0 0.660362 0.635659
500 0 g1 0.736774 0.553076
500 0 m [0.012511 0.084408] [0.016484 0.095782]
500 1 g0 0.566909 0.501663
500 1 g1 0.590927 0.430997
500 1 m [0.009486 0.072749] [0.01098  0.078306]
500 2 g0 0.592631 0.473756
500 2 g1 0.679845 0.611714
500 2 m [0.012912 0.083719] [0.015504 0.091135]
1000 0 g0 0.348564 0.333575
1000 0 g1 0.384854 0.350579
1000 0 m [0.006217 0.057485] [0.007291 0.061962]
1000 1 g0 0.340435 0.30956
1000 1 g1 0.457602 0.338546
1000 1 m [0.005769 0.054793] [0.006535 0.057948]
1000 2 g0 0.351724 0.304696
1000 2 g1 0.426242 0.328279
1000 2 m [0.006283 0.059312] [0.006769 0.061402]
2000 0 g0 0.193124 0.209997
2000 0 g1 0.222764 0.195556
2000 0 m [0.004082 0.043787] [0.00421  0.044612]
2000 1 g0 0.190618 0.154754
2000 1 g1 0.238696 0.198185
2000 1 m [0.004828 0.050195] [0.005271 0.053102]
2000 2 g0 0.231581 0.200053
2000 2 g1 0.268048 0.245984
2000 2 m [0.00458 0.04977] [0.005097 0.05315 ]
4000 0 g0 0.126042 0.122149
4000 0 g1 0.134494 0.121697
4000 0 m [0.003482 0.04391 ] [0.003531 0.043791]
4000 1 g0 0.108579 0.115891
4000 1 g1 0.11544 0.10318
4000 1 m [0.002981 0.040179] [0.003143 0.041113]
4000 2 g0 0.095325 0.089641
4000 2 g1 0.157572 0.138015
4000 2 m [0.003396 0.041611] [0.003647 0.043202]
8000 0 g0 0.066109 0.07417
8000 0 g1 0.072367 0.07234
8000 0 m [0.002472 0.036162] [0.002376 0.034989]
8000 1 g0 0.068901 0.068752
8000 1 g1 0.082675 0.088699
8000 1 m [0.002117 0.03448 ] [0.002003 0.033066]
8000 2 g0 0.072123 0.072082
8000 2 g1 0.074115 0.071427
8000 2 m [0.002292 0.035462] [0.00221 0.03441]
16000 0 g0 0.041279 0.043421
16000 0 g1 0.053043 0.054585
16000 0 m [0.002377 0.03504 ] [0.001862 0.03271 ]
16000 1 g0 0.045895 0.049459
16000 1 g1 0.041107 0.045292
16000 1 m [0.002116 0.035097] [0.001888 0.032907]
16000 2 g0 0.040502 0.043407
16000 2 g1 0.048113 0.04795
16000 2 m [0.001788 0.031813] [0.001493 0.029081]
