250 0 g0 2.707475
250 0 g1 4.449457
250 0 m [0.035257 0.146576]
250 1 g0 2.496016
250 1 g1 4.162709
250 1 m [0.046733 0.163203]
250 2 g0 2.158444
250 2 g1 4.268786
250 2 m [0.029119 0.130071]
500 0 g0 1.844503
500 0 g1 2.045682
500 0 m [0.025674 0.124727]
500 1 g0 1.496206
500 1 g1 1.877121
500 1 m [0.022464 0.110193]
500 2 g0 1.63069
500 2 g1 2.058016
500 2 m [0.022129 0.113607]
1000 0 g0 0.950859
1000 0 g1 1.248002
1000 0 m [0.017148 0.097601]
1000 1 g0 0.831828
1000 1 g1 1.093086
1000 1 m [0.014452 0.089472]
1000 2 g0 0.889461
1000 2 g1 1.378481
1000 2 m [0.014278 0.09286 ]
2000 0 g0 0.479411
2000 0 g1 0.704493
2000 0 m [0.009229 0.070893]
2000 1 g0 0.535534
2000 1 g1 0.719912
2000 1 m [0.011498 0.080377]
2000 2 g0 0.843605
2000 2 g1 0.90129
2000 2 m [0.010729 0.078313]
4000 0 g0 0.402175
4000 0 g1 0.478147
4000 0 m [0.008468 0.06888 ]
4000 1 g0 0.376713
4000 1 g1 0.447187
4000 1 m [0.006432 0.060737]
4000 2 g0 0.351047
4000 2 g1 0.458076
4000 2 m [0.006545 0.059973]
8000 0 g0 0.260767
8000 0 g1 0.318726
8000 0 m [0.005723 0.055852]
8000 1 g0 0.270614
8000 1 g1 0.330939
8000 1 m [0.004635 0.05111 ]
8000 2 g0 0.235607
8000 2 g1 0.302808
8000 2 m [0.004356 0.048469]
16000 0 g0 0.192658
16000 0 g1 0.239128
16000 0 m [0.00333  0.042779]
16000 1 g0 0.195287
16000 1 g1 0.210038
16000 1 m [0.00338  0.042499]
16000 2 g0 0.196684
16000 2 g1 0.217952
16000 2 m [0.003347 0.042469]
